=> Booting Puma
=> Rails 5.2.4.3 application starting in production 
=> Run `rails server -h` for more startup options
Puma starting in single mode...
* Version 3.12.6 (ruby 2.5.1-p57), codename: Llamas in Pajamas
* Min threads: 5, max threads: 5
* Environment: production
* Daemonizing...
=> Booting Puma
=> Rails 5.2.4.3 application starting in production 
=> Run `rails server -h` for more startup options
Puma starting in single mode...
* Version 3.12.6 (ruby 2.5.1-p57), codename: Llamas in Pajamas
* Min threads: 5, max threads: 5
* Environment: production
* Daemonizing...
=> Booting Puma
=> Rails 5.2.4.3 application starting in production 
=> Run `rails server -h` for more startup options
Puma starting in single mode...
* Version 3.12.6 (ruby 2.5.1-p57), codename: Llamas in Pajamas
* Min threads: 5, max threads: 5
* Environment: production
* Daemonizing...
=> Booting Puma
=> Rails 5.2.4.3 application starting in production 
=> Run `rails server -h` for more startup options
Puma starting in single mode...
* Version 3.12.6 (ruby 2.5.1-p57), codename: Llamas in Pajamas
* Min threads: 5, max threads: 5
* Environment: production
* Daemonizing...
